{
  message: 'Database connected',
  level: 'info',
  label: 'PH',
  timestamp: '2023-06-11T14:06:10.699Z'
}
{
  message: 'UM app listening on port 5000',
  level: 'info',
  label: 'PH',
  timestamp: '2023-06-11T14:06:10.733Z'
}
{
  message: 'Database connected',
  level: 'info',
  label: 'PH',
  timestamp: '2023-06-11T14:06:54.193Z'
}
{
  message: 'UM app listening on port 5000',
  level: 'info',
  label: 'PH',
  timestamp: '2023-06-11T14:06:54.212Z'
}
{
  message: 'Database connected',
  level: 'info',
  label: 'PH',
  timestamp: '2023-06-11T14:07:14.365Z'
}
{
  message: 'UM app listening on port 5000',
  level: 'info',
  label: 'PH',
  timestamp: '2023-06-11T14:07:14.386Z'
}
{
  message: 'Database connected',
  level: 'info',
  label: 'PH',
  timestamp: '2023-06-11T14:17:25.579Z'
}
{
  message: 'UM app listening on port 5000',
  level: 'info',
  label: 'PH',
  timestamp: '2023-06-11T14:17:25.620Z'
}
{
  message: 'Database connected',
  level: 'info',
  label: 'PH',
  timestamp: '2023-06-11T14:17:43.253Z'
}
{
  message: 'UM app listening on port 5000',
  level: 'info',
  label: 'PH',
  timestamp: '2023-06-11T14:17:43.298Z'
}
{
  message: 'Database connected',
  level: 'info',
  label: 'PH',
  timestamp: '2023-06-11T14:19:53.194Z'
}
{
  message: 'UM app listening on port 5000',
  level: 'info',
  label: 'PH',
  timestamp: '2023-06-11T14:19:53.210Z'
}
{
  message: 'Database connected',
  level: 'info',
  label: 'PH',
  timestamp: '2023-06-11T14:20:04.316Z'
}
{
  message: 'UM app listening on port 5000',
  level: 'info',
  label: 'PH',
  timestamp: '2023-06-11T14:20:04.355Z'
}
{
  message: 'Database connected',
  level: 'info',
  label: 'PH',
  timestamp: '2023-06-11T17:01:23.106Z'
}
{
  message: 'UM app listening on port 5000',
  level: 'info',
  label: 'PH',
  timestamp: '2023-06-11T17:01:23.151Z'
}
{
  message: 'Database connected',
  level: 'info',
  label: 'PH',
  timestamp: '2023-06-11T17:02:42.428Z'
}
{
  message: 'UM app listening on port 5000',
  level: 'info',
  label: 'PH',
  timestamp: '2023-06-11T17:02:42.464Z'
}
{
  message: 'Database connected',
  level: 'info',
  label: 'PH',
  timestamp: '2023-06-11T17:10:30.343Z'
}
{
  message: 'UM app listening on port 5000',
  level: 'info',
  label: 'PH',
  timestamp: '2023-06-11T17:10:30.372Z'
}
{
  message: 'Database connected',
  level: 'info',
  label: 'PH',
  timestamp: '2023-06-11T17:11:55.245Z'
}
{
  message: 'UM app listening on port 5000',
  level: 'info',
  label: 'PH',
  timestamp: '2023-06-11T17:11:55.272Z'
}
{
  message: 'Database connected',
  level: 'info',
  label: 'PH',
  timestamp: '2023-06-11T17:16:48.758Z'
}
{
  message: 'UM app listening on port 5000',
  level: 'info',
  label: 'PH',
  timestamp: '2023-06-11T17:16:48.791Z'
}
{
  message: 'Database connected',
  level: 'info',
  label: 'PH',
  timestamp: '2023-06-11T17:17:12.698Z'
}
{
  message: 'UM app listening on port 5000',
  level: 'info',
  label: 'PH',
  timestamp: '2023-06-11T17:17:12.717Z'
}
{
  message: 'Database connected',
  level: 'info',
  label: 'PH',
  timestamp: '2023-06-11T17:18:09.674Z'
}
{
  message: 'UM app listening on port 5000',
  level: 'info',
  label: 'PH',
  timestamp: '2023-06-11T17:18:09.695Z'
}
{
  message: 'Database connected',
  level: 'info',
  label: 'PH',
  timestamp: '2023-06-11T17:19:04.070Z'
}
{
  message: 'UM app listening on port 5000',
  level: 'info',
  label: 'PH',
  timestamp: '2023-06-11T17:19:04.109Z'
}
{
  message: 'Database connected',
  level: 'info',
  label: 'PH',
  timestamp: '2023-06-11T17:26:36.574Z'
}
{
  message: 'UM app listening on port 5000',
  level: 'info',
  label: 'PH',
  timestamp: '2023-06-11T17:26:36.593Z'
}
{
  message: 'Database connected',
  level: 'info',
  label: 'PH',
  timestamp: '2023-06-12T08:13:05.188Z'
}
{
  message: 'UM app listening on port 5000',
  level: 'info',
  label: 'PH',
  timestamp: '2023-06-12T08:13:05.247Z'
}
{
  message: 'Database connected',
  level: 'info',
  label: 'PH',
  timestamp: '2023-06-12T08:16:58.730Z'
}
{
  message: 'UM app listening on port 5000',
  level: 'info',
  label: 'PH',
  timestamp: '2023-06-12T08:16:58.767Z'
}
{
  message: 'Database connected',
  level: 'info',
  label: 'PH',
  timestamp: '2023-06-12T08:34:49.190Z'
}
{
  message: 'UM app listening on port 5000',
  level: 'info',
  label: 'PH',
  timestamp: '2023-06-12T08:34:49.224Z'
}
{
  message: 'Database connected',
  level: 'info',
  label: 'PH',
  timestamp: '2023-06-12T08:40:10.769Z'
}
{
  message: 'UM app listening on port 5000',
  level: 'info',
  label: 'PH',
  timestamp: '2023-06-12T08:40:10.786Z'
}
{
  message: 'Database connected',
  level: 'info',
  label: 'PH',
  timestamp: '2023-06-12T08:46:56.870Z'
}
{
  message: 'UM app listening on port 5000',
  level: 'info',
  label: 'PH',
  timestamp: '2023-06-12T08:46:56.895Z'
}
{
  message: 'Database connected',
  level: 'info',
  label: 'PH',
  timestamp: '2023-06-12T08:49:31.202Z'
}
{
  message: 'UM app listening on port 5000',
  level: 'info',
  label: 'PH',
  timestamp: '2023-06-12T08:49:31.225Z'
}
{
  message: 'Database connected',
  level: 'info',
  label: 'PH',
  timestamp: '2023-06-12T08:49:57.402Z'
}
{
  message: 'UM app listening on port 5000',
  level: 'info',
  label: 'PH',
  timestamp: '2023-06-12T08:49:57.464Z'
}
{
  message: 'Database connected',
  level: 'info',
  label: 'PH',
  timestamp: '2023-06-12T08:50:13.598Z'
}
{
  message: 'UM app listening on port 5000',
  level: 'info',
  label: 'PH',
  timestamp: '2023-06-12T08:50:13.639Z'
}
{
  message: 'Database connected',
  level: 'info',
  label: 'PH',
  timestamp: '2023-06-12T08:51:58.100Z'
}
{
  message: 'UM app listening on port 5000',
  level: 'info',
  label: 'PH',
  timestamp: '2023-06-12T08:51:58.138Z'
}
{
  message: 'Database connected',
  level: 'info',
  label: 'PH',
  timestamp: '2023-06-12T08:55:38.190Z'
}
{
  message: 'UM app listening on port 5000',
  level: 'info',
  label: 'PH',
  timestamp: '2023-06-12T08:55:38.210Z'
}
{
  message: 'Database connected',
  level: 'info',
  label: 'PH',
  timestamp: '2023-06-12T08:57:27.129Z'
}
{
  message: 'UM app listening on port 5000',
  level: 'info',
  label: 'PH',
  timestamp: '2023-06-12T08:57:27.157Z'
}
{
  message: 'Database connected',
  level: 'info',
  label: 'PH',
  timestamp: '2023-06-12T08:59:32.557Z'
}
{
  message: 'UM app listening on port 5000',
  level: 'info',
  label: 'PH',
  timestamp: '2023-06-12T08:59:32.586Z'
}
{
  message: 'Database connected',
  level: 'info',
  label: 'PH',
  timestamp: '2023-06-12T09:00:11.105Z'
}
{
  message: 'UM app listening on port 5000',
  level: 'info',
  label: 'PH',
  timestamp: '2023-06-12T09:00:11.122Z'
}
{
  message: 'Database connected',
  level: 'info',
  label: 'PH',
  timestamp: '2023-06-12T09:00:28.486Z'
}
{
  message: 'UM app listening on port 5000',
  level: 'info',
  label: 'PH',
  timestamp: '2023-06-12T09:00:28.555Z'
}
{
  message: 'Database connected',
  level: 'info',
  label: 'PH',
  timestamp: '2023-06-12T09:02:27.350Z'
}
{
  message: 'UM app listening on port 5000',
  level: 'info',
  label: 'PH',
  timestamp: '2023-06-12T09:02:27.366Z'
}
{
  message: 'Database connected',
  level: 'info',
  label: 'PH',
  timestamp: '2023-06-12T13:19:14.759Z'
}
{
  message: 'UM app listening on port 5000',
  level: 'info',
  label: 'PH',
  timestamp: '2023-06-12T13:19:14.776Z'
}
{
  message: 'Database connected',
  level: 'info',
  label: 'PH',
  timestamp: '2023-06-12T13:19:53.497Z'
}
{
  message: 'UM app listening on port 5000',
  level: 'info',
  label: 'PH',
  timestamp: '2023-06-12T13:19:53.520Z'
}
{
  message: 'Database connected',
  level: 'info',
  label: 'PH',
  timestamp: '2023-06-12T13:23:10.388Z'
}
{
  message: 'UM app listening on port 5000',
  level: 'info',
  label: 'PH',
  timestamp: '2023-06-12T13:23:10.408Z'
}
{
  message: 'Database connected',
  level: 'info',
  label: 'PH',
  timestamp: '2023-06-12T13:25:34.628Z'
}
{
  message: 'UM app listening on port 5000',
  level: 'info',
  label: 'PH',
  timestamp: '2023-06-12T13:25:34.651Z'
}
{
  message: 'Database connected',
  level: 'info',
  label: 'PH',
  timestamp: '2023-06-12T14:02:27.688Z'
}
{
  message: 'UM app listening on port 5000',
  level: 'info',
  label: 'PH',
  timestamp: '2023-06-12T14:02:27.713Z'
}
{
  message: 'Database connected',
  level: 'info',
  label: 'PH',
  timestamp: '2023-06-12T14:03:58.343Z'
}
{
  message: 'UM app listening on port 5000',
  level: 'info',
  label: 'PH',
  timestamp: '2023-06-12T14:03:58.427Z'
}
{
  message: 'Database connected',
  level: 'info',
  label: 'PH',
  timestamp: '2023-06-12T14:07:05.053Z'
}
{
  message: 'UM app listening on port 5000',
  level: 'info',
  label: 'PH',
  timestamp: '2023-06-12T14:07:05.070Z'
}
{
  message: 'Database connected',
  level: 'info',
  label: 'PH',
  timestamp: '2023-06-12T14:07:20.933Z'
}
{
  message: 'UM app listening on port 5000',
  level: 'info',
  label: 'PH',
  timestamp: '2023-06-12T14:07:20.976Z'
}
{
  message: 'Database connected',
  level: 'info',
  label: 'PH',
  timestamp: '2023-06-12T14:21:11.147Z'
}
{
  message: 'UM app listening on port 5000',
  level: 'info',
  label: 'PH',
  timestamp: '2023-06-12T14:21:11.195Z'
}
{
  message: 'Database connected',
  level: 'info',
  label: 'PH',
  timestamp: '2023-06-12T14:21:30.207Z'
}
{
  message: 'UM app listening on port 5000',
  level: 'info',
  label: 'PH',
  timestamp: '2023-06-12T14:21:30.273Z'
}
{
  message: 'Database connected',
  level: 'info',
  label: 'PH',
  timestamp: '2023-06-12T14:25:45.852Z'
}
{
  message: 'UM app listening on port 5000',
  level: 'info',
  label: 'PH',
  timestamp: '2023-06-12T14:25:45.874Z'
}
{
  message: 'Database connected',
  level: 'info',
  label: 'PH',
  timestamp: '2023-06-16T08:46:11.672Z'
}
{
  message: 'UM app listening on port 5000',
  level: 'info',
  label: 'PH',
  timestamp: '2023-06-16T08:46:11.702Z'
}
{
  message: 'Database connected',
  level: 'info',
  label: 'PH',
  timestamp: '2023-06-16T09:02:32.903Z'
}
{
  message: 'UM app listening on port 5000',
  level: 'info',
  label: 'PH',
  timestamp: '2023-06-16T09:02:32.994Z'
}
{
  message: 'Database connected',
  level: 'info',
  label: 'PH',
  timestamp: '2023-06-16T09:11:01.509Z'
}
{
  message: 'UM app listening on port 5000',
  level: 'info',
  label: 'PH',
  timestamp: '2023-06-16T09:11:01.602Z'
}
{
  message: 'Database connected',
  level: 'info',
  label: 'PH',
  timestamp: '2023-06-16T09:13:39.668Z'
}
{
  message: 'UM app listening on port 5000',
  level: 'info',
  label: 'PH',
  timestamp: '2023-06-16T09:13:39.698Z'
}
{
  message: 'Database connected',
  level: 'info',
  label: 'PH',
  timestamp: '2023-06-16T09:32:49.265Z'
}
{
  message: 'UM app listening on port 5000',
  level: 'info',
  label: 'PH',
  timestamp: '2023-06-16T09:32:49.281Z'
}
{
  message: 'Database connected',
  level: 'info',
  label: 'PH',
  timestamp: '2023-06-16T09:41:52.445Z'
}
{
  message: 'UM app listening on port 5000',
  level: 'info',
  label: 'PH',
  timestamp: '2023-06-16T09:41:52.487Z'
}
{
  message: 'Database connected',
  level: 'info',
  label: 'PH',
  timestamp: '2023-06-16T09:44:51.896Z'
}
{
  message: 'UM app listening on port 5000',
  level: 'info',
  label: 'PH',
  timestamp: '2023-06-16T09:44:52.095Z'
}
{
  message: 'Database connected',
  level: 'info',
  label: 'PH',
  timestamp: '2023-06-16T09:46:09.308Z'
}
{
  message: 'UM app listening on port 5000',
  level: 'info',
  label: 'PH',
  timestamp: '2023-06-16T09:46:09.342Z'
}
{
  message: 'Database connected',
  level: 'info',
  label: 'PH',
  timestamp: '2023-06-16T09:54:15.076Z'
}
{
  message: 'UM app listening on port 5000',
  level: 'info',
  label: 'PH',
  timestamp: '2023-06-16T09:54:15.092Z'
}
{
  message: 'Database connected',
  level: 'info',
  label: 'PH',
  timestamp: '2023-06-16T10:02:36.624Z'
}
{
  message: 'UM app listening on port 5000',
  level: 'info',
  label: 'PH',
  timestamp: '2023-06-16T10:02:36.663Z'
}
{
  message: 'Database connected',
  level: 'info',
  label: 'PH',
  timestamp: '2023-06-16T10:09:16.916Z'
}
{
  message: 'UM app listening on port 5000',
  level: 'info',
  label: 'PH',
  timestamp: '2023-06-16T10:09:16.967Z'
}
{
  message: 'Database connected',
  level: 'info',
  label: 'PH',
  timestamp: '2023-06-16T10:12:43.997Z'
}
{
  message: 'UM app listening on port 5000',
  level: 'info',
  label: 'PH',
  timestamp: '2023-06-16T10:12:44.060Z'
}
{
  message: 'Database connected',
  level: 'info',
  label: 'PH',
  timestamp: '2023-06-16T10:20:59.627Z'
}
{
  message: 'UM app listening on port 5000',
  level: 'info',
  label: 'PH',
  timestamp: '2023-06-16T10:20:59.648Z'
}
{
  message: 'Database connected',
  level: 'info',
  label: 'PH',
  timestamp: '2023-06-16T10:22:58.223Z'
}
{
  message: 'UM app listening on port 5000',
  level: 'info',
  label: 'PH',
  timestamp: '2023-06-16T10:22:58.273Z'
}
{
  message: 'Database connected',
  level: 'info',
  label: 'PH',
  timestamp: '2023-06-16T10:23:44.019Z'
}
{
  message: 'UM app listening on port 5000',
  level: 'info',
  label: 'PH',
  timestamp: '2023-06-16T10:23:44.053Z'
}
{
  message: 'Database connected',
  level: 'info',
  label: 'PH',
  timestamp: '2023-06-16T13:33:39.331Z'
}
{
  message: 'UM app listening on port 5000',
  level: 'info',
  label: 'PH',
  timestamp: '2023-06-16T13:33:39.372Z'
}
{
  message: 'Database connected',
  level: 'info',
  label: 'PH',
  timestamp: '2023-06-16T13:33:49.785Z'
}
{
  message: 'UM app listening on port 5000',
  level: 'info',
  label: 'PH',
  timestamp: '2023-06-16T13:33:49.855Z'
}
{
  message: 'Database connected',
  level: 'info',
  label: 'PH',
  timestamp: '2023-06-16T16:51:19.930Z'
}
{
  message: 'UM app listening on port 5000',
  level: 'info',
  label: 'PH',
  timestamp: '2023-06-16T16:51:19.967Z'
}
{
  message: 'Database connected',
  level: 'info',
  label: 'PH',
  timestamp: '2023-06-17T04:31:15.906Z'
}
{
  message: 'UM app listening on port 5000',
  level: 'info',
  label: 'PH',
  timestamp: '2023-06-17T04:31:15.938Z'
}
{
  message: 'Database connected',
  level: 'info',
  label: 'PH',
  timestamp: '2023-06-17T04:33:27.085Z'
}
{
  message: 'UM app listening on port 5000',
  level: 'info',
  label: 'PH',
  timestamp: '2023-06-17T04:33:27.125Z'
}
{
  message: 'Database connected',
  level: 'info',
  label: 'PH',
  timestamp: '2023-06-17T04:34:14.264Z'
}
{
  message: 'UM app listening on port 5000',
  level: 'info',
  label: 'PH',
  timestamp: '2023-06-17T04:34:14.323Z'
}
{
  message: 'Database connected',
  level: 'info',
  label: 'PH',
  timestamp: '2023-06-17T04:34:19.205Z'
}
{
  message: 'UM app listening on port 5000',
  level: 'info',
  label: 'PH',
  timestamp: '2023-06-17T04:34:19.221Z'
}
{
  message: 'Database connected',
  level: 'info',
  label: 'PH',
  timestamp: '2023-06-17T04:37:55.961Z'
}
{
  message: 'UM app listening on port 5000',
  level: 'info',
  label: 'PH',
  timestamp: '2023-06-17T04:37:55.983Z'
}
{
  message: 'Database connected',
  level: 'info',
  label: 'PH',
  timestamp: '2023-06-17T04:38:10.541Z'
}
{
  message: 'UM app listening on port 5000',
  level: 'info',
  label: 'PH',
  timestamp: '2023-06-17T04:38:10.562Z'
}
{
  message: 'Database connected',
  level: 'info',
  label: 'PH',
  timestamp: '2023-06-17T04:39:08.133Z'
}
{
  message: 'UM app listening on port 5000',
  level: 'info',
  label: 'PH',
  timestamp: '2023-06-17T04:39:08.219Z'
}
{
  message: 'Database connected',
  level: 'info',
  label: 'PH',
  timestamp: '2023-06-17T04:42:09.182Z'
}
{
  message: 'UM app listening on port 5000',
  level: 'info',
  label: 'PH',
  timestamp: '2023-06-17T04:42:09.255Z'
}
{
  message: 'Database connected',
  level: 'info',
  label: 'PH',
  timestamp: '2023-06-17T04:42:48.861Z'
}
{
  message: 'UM app listening on port 5000',
  level: 'info',
  label: 'PH',
  timestamp: '2023-06-17T04:42:48.987Z'
}
{
  message: 'Database connected',
  level: 'info',
  label: 'PH',
  timestamp: '2023-06-17T04:50:19.872Z'
}
{
  message: 'UM app listening on port 5000',
  level: 'info',
  label: 'PH',
  timestamp: '2023-06-17T04:50:19.905Z'
}
{
  message: 'Database connected',
  level: 'info',
  label: 'PH',
  timestamp: '2023-06-17T04:59:15.828Z'
}
{
  message: 'UM app listening on port 5000',
  level: 'info',
  label: 'PH',
  timestamp: '2023-06-17T04:59:15.866Z'
}
{
  message: 'Database connected',
  level: 'info',
  label: 'PH',
  timestamp: '2023-06-17T05:00:45.525Z'
}
{
  message: 'UM app listening on port 5000',
  level: 'info',
  label: 'PH',
  timestamp: '2023-06-17T05:00:45.554Z'
}
{
  message: 'Database connected',
  level: 'info',
  label: 'PH',
  timestamp: '2023-06-17T05:02:42.423Z'
}
{
  message: 'UM app listening on port 5000',
  level: 'info',
  label: 'PH',
  timestamp: '2023-06-17T05:02:42.441Z'
}
{
  message: 'Database connected',
  level: 'info',
  label: 'PH',
  timestamp: '2023-06-17T05:07:08.749Z'
}
{
  message: 'Database connected',
  level: 'info',
  label: 'PH',
  timestamp: '2023-06-17T05:10:50.286Z'
}
{
  message: 'UM app listening on port 5000',
  level: 'info',
  label: 'PH',
  timestamp: '2023-06-17T05:10:50.304Z'
}
{
  message: 'Database connected',
  level: 'info',
  label: 'PH',
  timestamp: '2023-06-17T05:11:15.182Z'
}
{
  message: 'UM app listening on port 5000',
  level: 'info',
  label: 'PH',
  timestamp: '2023-06-17T05:11:15.199Z'
}
{
  message: 'Database connected',
  level: 'info',
  label: 'PH',
  timestamp: '2023-06-17T05:11:46.919Z'
}
{
  message: 'UM app listening on port 5000',
  level: 'info',
  label: 'PH',
  timestamp: '2023-06-17T05:11:46.937Z'
}
{
  message: 'Database connected',
  level: 'info',
  label: 'PH',
  timestamp: '2023-06-17T05:11:56.904Z'
}
{
  message: 'UM app listening on port 5000',
  level: 'info',
  label: 'PH',
  timestamp: '2023-06-17T05:11:56.924Z'
}
{
  message: 'Database connected',
  level: 'info',
  label: 'PH',
  timestamp: '2023-06-17T05:13:05.301Z'
}
{
  message: 'UM app listening on port 5000',
  level: 'info',
  label: 'PH',
  timestamp: '2023-06-17T05:13:05.414Z'
}
{
  message: 'Database connected',
  level: 'info',
  label: 'PH',
  timestamp: '2023-06-17T05:14:44.847Z'
}
{
  message: 'UM app listening on port 5000',
  level: 'info',
  label: 'PH',
  timestamp: '2023-06-17T05:14:44.870Z'
}
{
  message: 'Database connected',
  level: 'info',
  label: 'PH',
  timestamp: '2023-06-17T05:24:05.687Z'
}
{
  message: 'UM app listening on port 5000',
  level: 'info',
  label: 'PH',
  timestamp: '2023-06-17T05:24:05.948Z'
}
{
  message: 'Database connected',
  level: 'info',
  label: 'PH',
  timestamp: '2023-06-17T05:25:20.196Z'
}
{
  message: 'UM app listening on port 5000',
  level: 'info',
  label: 'PH',
  timestamp: '2023-06-17T05:25:20.222Z'
}
{
  message: 'Database connected',
  level: 'info',
  label: 'PH',
  timestamp: '2023-06-17T05:40:18.917Z'
}
{
  message: 'UM app listening on port 5000',
  level: 'info',
  label: 'PH',
  timestamp: '2023-06-17T05:40:18.959Z'
}
{
  message: 'Database connected',
  level: 'info',
  label: 'PH',
  timestamp: '2023-06-17T05:42:19.173Z'
}
{
  message: 'UM app listening on port 5000',
  level: 'info',
  label: 'PH',
  timestamp: '2023-06-17T05:42:19.268Z'
}
{
  message: 'Database connected',
  level: 'info',
  label: 'PH',
  timestamp: '2023-06-17T05:42:37.336Z'
}
{
  message: 'UM app listening on port 5000',
  level: 'info',
  label: 'PH',
  timestamp: '2023-06-17T05:42:37.364Z'
}
{
  message: 'Database connected',
  level: 'info',
  label: 'PH',
  timestamp: '2023-06-17T05:59:19.826Z'
}
{
  message: 'UM app listening on port 5000',
  level: 'info',
  label: 'PH',
  timestamp: '2023-06-17T05:59:19.844Z'
}
{
  message: 'Database connected',
  level: 'info',
  label: 'PH',
  timestamp: '2023-06-17T07:45:04.330Z'
}
{
  message: 'UM app listening on port 5000',
  level: 'info',
  label: 'PH',
  timestamp: '2023-06-17T07:45:04.385Z'
}
{
  message: 'Database connected',
  level: 'info',
  label: 'PH',
  timestamp: '2023-06-17T07:46:53.167Z'
}
{
  message: 'UM app listening on port 5000',
  level: 'info',
  label: 'PH',
  timestamp: '2023-06-17T07:46:53.192Z'
}
{
  message: 'Database connected',
  level: 'info',
  label: 'PH',
  timestamp: '2023-06-17T07:50:40.287Z'
}
{
  message: 'UM app listening on port 5000',
  level: 'info',
  label: 'PH',
  timestamp: '2023-06-17T07:50:40.396Z'
}
{
  message: 'Database connected',
  level: 'info',
  label: 'PH',
  timestamp: '2023-06-17T07:58:34.152Z'
}
{
  message: 'UM app listening on port 5000',
  level: 'info',
  label: 'PH',
  timestamp: '2023-06-17T07:58:34.167Z'
}
{
  message: 'Database connected',
  level: 'info',
  label: 'PH',
  timestamp: '2023-06-17T07:58:58.752Z'
}
{
  message: 'UM app listening on port 5000',
  level: 'info',
  label: 'PH',
  timestamp: '2023-06-17T07:58:58.770Z'
}
{
  message: 'Database connected',
  level: 'info',
  label: 'PH',
  timestamp: '2023-06-17T08:08:51.755Z'
}
{
  message: 'UM app listening on port 5000',
  level: 'info',
  label: 'PH',
  timestamp: '2023-06-17T08:08:51.775Z'
}
{
  message: 'Database connected',
  level: 'info',
  label: 'PH',
  timestamp: '2023-06-17T08:09:06.300Z'
}
{
  message: 'UM app listening on port 5000',
  level: 'info',
  label: 'PH',
  timestamp: '2023-06-17T08:09:06.319Z'
}
{
  message: 'Database connected',
  level: 'info',
  label: 'PH',
  timestamp: '2023-06-17T08:09:14.910Z'
}
{
  message: 'UM app listening on port 5000',
  level: 'info',
  label: 'PH',
  timestamp: '2023-06-17T08:09:14.993Z'
}
{
  message: 'Database connected',
  level: 'info',
  label: 'PH',
  timestamp: '2023-06-17T08:09:46.331Z'
}
{
  message: 'UM app listening on port 5000',
  level: 'info',
  label: 'PH',
  timestamp: '2023-06-17T08:09:46.343Z'
}
{
  message: 'Database connected',
  level: 'info',
  label: 'PH',
  timestamp: '2023-06-17T08:11:53.230Z'
}
{
  message: 'UM app listening on port 5000',
  level: 'info',
  label: 'PH',
  timestamp: '2023-06-17T08:11:53.251Z'
}
{
  message: 'Database connected',
  level: 'info',
  label: 'PH',
  timestamp: '2023-06-17T09:22:04.284Z'
}
{
  message: 'UM app listening on port 5000',
  level: 'info',
  label: 'PH',
  timestamp: '2023-06-17T09:22:04.329Z'
}
{
  message: 'Database connected',
  level: 'info',
  label: 'PH',
  timestamp: '2023-06-17T09:46:52.689Z'
}
{
  message: 'UM app listening on port 5000',
  level: 'info',
  label: 'PH',
  timestamp: '2023-06-17T09:46:52.858Z'
}
{
  message: 'Database connected',
  level: 'info',
  label: 'PH',
  timestamp: '2023-06-17T10:46:05.041Z'
}
{
  message: 'UM app listening on port 5000',
  level: 'info',
  label: 'PH',
  timestamp: '2023-06-17T10:46:05.057Z'
}
{
  message: 'Database connected',
  level: 'info',
  label: 'PH',
  timestamp: '2023-06-17T10:46:48.981Z'
}
{
  message: 'UM app listening on port 5000',
  level: 'info',
  label: 'PH',
  timestamp: '2023-06-17T10:46:49.085Z'
}
{
  message: 'Database connected',
  level: 'info',
  label: 'PH',
  timestamp: '2023-06-17T10:58:56.100Z'
}
{
  message: 'UM app listening on port 5000',
  level: 'info',
  label: 'PH',
  timestamp: '2023-06-17T10:58:56.142Z'
}
{
  message: 'Database connected',
  level: 'info',
  label: 'PH',
  timestamp: '2023-06-17T10:59:23.353Z'
}
{
  message: 'UM app listening on port 5000',
  level: 'info',
  label: 'PH',
  timestamp: '2023-06-17T10:59:23.419Z'
}
{
  message: 'Database connected',
  level: 'info',
  label: 'PH',
  timestamp: '2023-06-17T11:12:42.129Z'
}
{
  message: 'UM app listening on port 5000',
  level: 'info',
  label: 'PH',
  timestamp: '2023-06-17T11:12:42.227Z'
}
{
  message: 'Database connected',
  level: 'info',
  label: 'PH',
  timestamp: '2023-06-17T17:00:10.903Z'
}
{
  message: 'UM app listening on port 5000',
  level: 'info',
  label: 'PH',
  timestamp: '2023-06-17T17:00:10.927Z'
}
{
  message: 'Database connected',
  level: 'info',
  label: 'PH',
  timestamp: '2023-06-17T17:09:42.378Z'
}
{
  message: 'UM app listening on port 5000',
  level: 'info',
  label: 'PH',
  timestamp: '2023-06-17T17:09:42.409Z'
}
{
  message: 'Database connected',
  level: 'info',
  label: 'PH',
  timestamp: '2023-06-17T17:10:11.645Z'
}
{
  message: 'UM app listening on port 5000',
  level: 'info',
  label: 'PH',
  timestamp: '2023-06-17T17:10:11.673Z'
}
{
  message: 'Database connected',
  level: 'info',
  label: 'PH',
  timestamp: '2023-06-17T17:10:49.067Z'
}
{
  message: 'UM app listening on port 5000',
  level: 'info',
  label: 'PH',
  timestamp: '2023-06-17T17:10:49.117Z'
}
{
  message: 'Database connected',
  level: 'info',
  label: 'PH',
  timestamp: '2023-06-17T17:12:54.707Z'
}
{
  message: 'UM app listening on port 5000',
  level: 'info',
  label: 'PH',
  timestamp: '2023-06-17T17:12:54.746Z'
}
{
  message: 'Database connected',
  level: 'info',
  label: 'PH',
  timestamp: '2023-06-17T17:19:04.042Z'
}
{
  message: 'UM app listening on port 5000',
  level: 'info',
  label: 'PH',
  timestamp: '2023-06-17T17:19:04.097Z'
}
{
  message: 'Database connected',
  level: 'info',
  label: 'PH',
  timestamp: '2023-06-18T10:16:58.063Z'
}
{
  message: 'UM app listening on port 5000',
  level: 'info',
  label: 'PH',
  timestamp: '2023-06-18T10:16:58.094Z'
}
{
  message: 'Database connected',
  level: 'info',
  label: 'PH',
  timestamp: '2023-06-18T10:19:50.059Z'
}
{
  message: 'UM app listening on port 5000',
  level: 'info',
  label: 'PH',
  timestamp: '2023-06-18T10:19:50.135Z'
}
{
  message: 'Database connected',
  level: 'info',
  label: 'PH',
  timestamp: '2023-06-18T10:26:48.278Z'
}
{
  message: 'UM app listening on port 5000',
  level: 'info',
  label: 'PH',
  timestamp: '2023-06-18T10:26:48.360Z'
}
{
  message: 'Database connected',
  level: 'info',
  label: 'PH',
  timestamp: '2023-06-18T10:29:34.654Z'
}
{
  message: 'UM app listening on port 5000',
  level: 'info',
  label: 'PH',
  timestamp: '2023-06-18T10:29:34.749Z'
}
{
  message: 'Database connected',
  level: 'info',
  label: 'PH',
  timestamp: '2023-06-18T10:31:16.510Z'
}
{
  message: 'UM app listening on port 5000',
  level: 'info',
  label: 'PH',
  timestamp: '2023-06-18T10:31:16.570Z'
}
{
  message: 'Database connected',
  level: 'info',
  label: 'PH',
  timestamp: '2023-06-18T10:32:54.216Z'
}
{
  message: 'UM app listening on port 5000',
  level: 'info',
  label: 'PH',
  timestamp: '2023-06-18T10:32:54.247Z'
}
{
  message: 'Database connected',
  level: 'info',
  label: 'PH',
  timestamp: '2023-06-18T13:25:53.656Z'
}
{
  message: 'UM app listening on port 5000',
  level: 'info',
  label: 'PH',
  timestamp: '2023-06-18T13:25:53.681Z'
}
{
  message: 'PPP',
  level: 'info',
  label: 'PH',
  timestamp: '2023-07-16T10:15:40.336Z'
}
