{"level":"info","message":"Database connected"}
{"level":"info","message":"UM app listening on port 5000"}
{"level":"info","message":"Database connected"}
{"level":"info","message":"UM app listening on port 5000"}
{"level":"info","message":"Database connected"}
{"level":"info","message":"UM app listening on port 5000"}
{"level":"info","message":"Database connected"}
{"level":"info","message":"UM app listening on port 5000"}
2023-06-10T17:07:18.208Z [right meow!] info: Database connected
2023-06-10T17:07:18.228Z [right meow!] info: UM app listening on port 5000
[right meow!] info: Database connected 2023-06-10T17:08:27.637Z 
[right meow!] info: UM app listening on port 5000 2023-06-10T17:08:27.675Z 
[right meow!] info: Database connected 2023-06-10T17:10:03.888Z 
[right meow!] info: UM app listening on port 5000 2023-06-10T17:10:03.902Z 
[right meow!] info: Database connected 2023-06-10T17:10:42.208Z 
[right meow!] info: UM app listening on port 5000 2023-06-10T17:10:42.225Z 
[PH] info: Database connected 2023-06-10T17:13:25.861Z 
[PH] info: UM app listening on port 5000 2023-06-10T17:13:25.899Z 
Sat Jun 10 2023 23:21:25 [PH] info: Database connected 2023-06-10T17:21:25.330Z 
Sat Jun 10 2023 23:21:25 [PH] info: UM app listening on port 5000 2023-06-10T17:21:25.378Z 
Sat Jun 10 2023 23:21:43 [PH] info: Database connected  
Sat Jun 10 2023 23:21:43 [PH] info: UM app listening on port 5000  
Sat Jun 10 2023 23:22:7 [PH] info: Database connected  
Sat Jun 10 2023 23:22:7 [PH] info: UM app listening on port 5000  
{
  message: 'Database connected',
  level: 'info',
  label: 'PH',
  timestamp: '2023-06-10T17:27:23.847Z'
}
{
  message: 'UM app listening on port 5000',
  level: 'info',
  label: 'PH',
  timestamp: '2023-06-10T17:27:23.862Z'
}
{
  message: 'Database connected',
  level: 'info',
  label: 'PH',
  timestamp: '2023-06-11T14:05:22.192Z'
}
{
  message: 'UM app listening on port 5000',
  level: 'info',
  label: 'PH',
  timestamp: '2023-06-11T14:05:22.236Z'
}
